<?xml version="1.0" encoding="UTF-8"?>
<!-- Generated by org.testng.reporters.JUnitXMLReporter -->
<testsuite ignored="0" hostname="DESKTOP-FBDQA1D" failures="0" tests="5" name="Test" time="30.241" errors="0" timestamp="2023-03-24T11:01:42 IST">
  <testcase classname="Frameworks.Sample" name="createContact" time="0.018"/>
  <testcase classname="Frameworks.Sample" name="modifyContact" time="0.002"/>
  <testcase classname="Frameworks.Sample" name="deleteContact" time="0.003"/>
  <testcase classname="Frameworks.AuthenticationPopups" name="m2" time="10.17"/>
  <testcase classname="Frameworks.Alertpopups" name="m1" time="19.885"/>
</testsuite> <!-- Test -->
